<?xml version="1.0" encoding="UTF-8"?>
<!-- Generated by org.testng.reporters.JUnitReportReporter -->
<testsuite skipped="0" hostname="Lenovo-PC" name="Basic.Test.Basic_POJO" tests="2" failures="0" timestamp="24 Jul 2020 14:49:34 GMT" time="2.847" errors="0">
  <testcase name="PostPojo" time="2.307" classname="Basic.Test.Basic_POJO"/>
  <testcase name="GetPojo" time="0.540" classname="Basic.Test.Basic_POJO"/>
</testsuite> <!-- Basic.Test.Basic_POJO -->
