<?xml version="1.0" encoding="UTF-8"?>
<!-- Generated by org.testng.reporters.JUnitReportReporter -->
<testsuite skipped="1" hostname="Lenovo-PC" name="Basic.Test.BasicTest2" tests="4" failures="0" timestamp="23 Jul 2020 12:40:02 GMT" time="3.241" errors="0">
  <testcase name="addBook1" time="2.832" classname="Basic.Test.BasicTest2"/>
  <testcase name="addBook1" time="0.201" classname="Basic.Test.BasicTest2"/>
  <testcase name="addBook1" time="0.208" classname="Basic.Test.BasicTest2"/>
  <testcase name="addBook" classname="Basic.Test.BasicTest2">
    <skipped/>
  </testcase> <!-- addBook -->
</testsuite> <!-- Basic.Test.BasicTest2 -->
