<?xml version="1.0" encoding="UTF-8"?>
<!-- Generated by org.testng.reporters.JUnitReportReporter -->
<testsuite skipped="0" hostname="Lenovo-PC" name="Basic.Test.BasicTest4" tests="1" failures="0" timestamp="24 Jul 2020 07:52:57 GMT" time="2.038" errors="0">
  <testcase name="addBook" time="2.038" classname="Basic.Test.BasicTest4"/>
</testsuite> <!-- Basic.Test.BasicTest4 -->
